{
  message: 'Server started running on PORT 3000',
  level: 'info',
  timestamp: '2025-02-16T13:06:12.727Z'
}
{
  message: 'Server started running on PORT 3000',
  level: 'info',
  timestamp: '2025-02-16T13:06:53.810Z'
}
{
  message: 'Server started running on PORT 3000',
  level: 'info',
  timestamp: '2025-02-16T13:08:38.573Z'
}
{
  message: 'Server started running on PORT 3000',
  level: 'info',
  timestamp: '2025-02-16T13:09:21.455Z'
}
{
  message: 'Server started running on PORT 3000',
  level: 'info',
  timestamp: '2025-02-16T13:10:32.682Z'
}
{
  message: 'Server started running on PORT 3000',
  level: 'info',
  timestamp: '2025-02-16T13:10:37.627Z'
}
{
  message: 'Server started running on PORT 3000',
  level: 'info',
  timestamp: '2025-02-16T13:10:46.929Z'
}
{
  message: 'Server started running on PORT 3000',
  level: 'info',
  timestamp: '2025-02-16T13:13:03.650Z'
}
{
  message: 'Server started running on PORT 3000',
  level: 'info',
  timestamp: '2025-02-16T13:13:33.404Z'
}
{
  message: 'Server started running on PORT 3000',
  level: 'info',
  timestamp: '2025-02-16T13:13:41.549Z'
}
{
  message: 'Server started running on PORT 3000',
  level: 'info',
  timestamp: '2025-02-16T13:14:10.250Z'
}
{
  message: 'Server started running on PORT 3000',
  level: 'info',
  timestamp: '2025-02-16T13:16:29.440Z'
}
{
  message: 'Server started running on PORT 3000',
  level: 'info',
  timestamp: '2025-02-16T13:19:13.485Z'
}
{
  message: 'Server started running on PORT 3000',
  level: 'info',
  timestamp: '2025-02-16T13:20:36.302Z'
}
{
  message: 'Server started running on PORT 3000',
  level: 'info',
  timestamp: '2025-02-16T13:20:45.314Z'
}
{
  message: 'Server started running on PORT 3000',
  level: 'info',
  timestamp: '2025-02-16T13:20:48.704Z'
}
{
  message: 'Server started running on PORT 3000',
  level: 'info',
  timestamp: '2025-02-16T13:20:53.755Z'
}
{
  message: 'Server started running on PORT 3000',
  level: 'info',
  timestamp: '2025-02-16T13:20:59.257Z'
}
{
  message: 'Server started running on PORT 3000',
  level: 'info',
  timestamp: '2025-02-16T13:21:01.381Z'
}
{
  message: 'Server started running on PORT 3000',
  level: 'info',
  timestamp: '2025-02-16T13:21:04.018Z'
}
{
  message: 'Server started running on PORT 3000',
  level: 'info',
  timestamp: '2025-02-16T13:21:07.186Z'
}
{
  message: 'Server started running on PORT 3000',
  level: 'info',
  timestamp: '2025-02-16T13:21:11.715Z'
}
{
  message: 'Server started running on PORT 3000',
  level: 'info',
  timestamp: '2025-02-16T13:21:14.119Z'
}
{
  message: 'Server started running on PORT 3000',
  level: 'info',
  timestamp: '2025-02-16T13:21:21.114Z'
}
{
  message: 'Server started running on PORT 3000',
  level: 'info',
  timestamp: '2025-02-16T13:21:27.215Z'
}
{
  message: 'Server started running on PORT 3000',
  level: 'info',
  timestamp: '2025-02-16T13:21:31.911Z'
}
{
  message: 'Server started running on PORT 3000',
  level: 'info',
  timestamp: '2025-02-16T13:21:51.228Z'
}
{
  message: 'Server started running on PORT 3000',
  level: 'info',
  timestamp: '2025-02-16T13:22:04.152Z'
}
{
  message: 'Server started running on PORT 3000',
  level: 'info',
  timestamp: '2025-02-16T13:22:08.170Z'
}
{
  message: 'Server started running on PORT 3000',
  level: 'info',
  timestamp: '2025-02-16T13:22:18.544Z'
}
{
  message: 'Server started running on PORT 3000',
  level: 'info',
  timestamp: '2025-02-16T13:22:23.745Z'
}
{
  message: 'Server started running on PORT 3000',
  level: 'info',
  timestamp: '2025-02-16T13:22:57.362Z'
}
{
  message: 'Server started running on PORT 3000',
  level: 'info',
  timestamp: '2025-02-16T13:22:58.900Z'
}
{
  message: 'Server started running on PORT 3000',
  level: 'info',
  timestamp: '2025-02-16T13:23:08.995Z'
}
{
  message: 'Server started running on PORT 3000',
  level: 'info',
  timestamp: '2025-02-16T13:23:24.318Z'
}
{
  message: 'Server started running on PORT 3000',
  level: 'info',
  timestamp: '2025-02-16T13:23:48.440Z'
}
